[2021-09-18 16:28:41] [ INFO ] [PacienteServiceTest:47] Paciente{id=1, nombre='Jorge', apellido='Perez', dni='38874312', fechaIngreso=Sat Sep 18 16:28:41 ART 2021, domicilio=Domicilio{id=1, calle='2', numero='1556', localidad='Necochea', provincia='BsAs'}}
[2021-09-18 16:28:41] [ INFO ] [PacienteServiceTest:66] Eliminando paciente con id: 2
[2021-09-18 16:28:41] [ INFO ] [PacienteServiceTest:37] Paciente{id=3, nombre='Juan', apellido='Perez', dni='38874312', fechaIngreso=Sat Sep 18 16:28:41 ART 2021, domicilio=Domicilio{id=3, calle='32', numero='3556', localidad='Necochea', provincia='BsAs'}}
[2021-09-18 16:28:41] [ INFO ] [PacienteServiceTest:38] Paciente{id=4, nombre='Pablo', apellido='Gomez', dni='28874312', fechaIngreso=Sat Sep 18 16:28:41 ART 2021, domicilio=Domicilio{id=4, calle='62', numero='8656', localidad='Necochea', provincia='BsAs'}}
[2021-09-18 16:28:41] [ INFO ] [PacienteServiceTest:54] [Paciente{id=1, nombre='Jorge', apellido='Perez', dni='38874312', fechaIngreso=2021-09-18 16:28:41.185, domicilio=Domicilio{id=1, calle='2', numero='1556', localidad='Necochea', provincia='BsAs'}}, Paciente{id=3, nombre='Juan', apellido='Perez', dni='38874312', fechaIngreso=2021-09-18 16:28:41.279, domicilio=Domicilio{id=3, calle='32', numero='3556', localidad='Necochea', provincia='BsAs'}}, Paciente{id=4, nombre='Pablo', apellido='Gomez', dni='28874312', fechaIngreso=2021-09-18 16:28:41.279, domicilio=Domicilio{id=4, calle='62', numero='8656', localidad='Necochea', provincia='BsAs'}}]
[2021-09-18 16:29:38] [ INFO ] [PacienteServiceTest:47] Paciente{id=1, nombre='Jorge', apellido='Perez', dni='38874312', fechaIngreso=Sat Sep 18 16:29:38 ART 2021, domicilio=Domicilio{id=1, calle='2', numero='1556', localidad='Necochea', provincia='BsAs'}}
[2021-09-18 16:29:38] [ INFO ] [PacienteServiceTest:64] Creando paciente: Paciente{id=2, nombre='Marta', apellido='Smith', dni='48874312', fechaIngreso=Sat Sep 18 16:29:38 ART 2021, domicilio=Domicilio{id=2, calle='8', numero='246', localidad='Pinamar', provincia='BsAs'}}
[2021-09-18 16:29:38] [ INFO ] [PacienteServiceTest:67] Eliminando paciente con id: 2
[2021-09-18 16:29:38] [ INFO ] [PacienteServiceTest:37] Paciente{id=3, nombre='Juan', apellido='Perez', dni='38874312', fechaIngreso=Sat Sep 18 16:29:38 ART 2021, domicilio=Domicilio{id=3, calle='32', numero='3556', localidad='Necochea', provincia='BsAs'}}
[2021-09-18 16:29:38] [ INFO ] [PacienteServiceTest:38] Paciente{id=4, nombre='Pablo', apellido='Gomez', dni='28874312', fechaIngreso=Sat Sep 18 16:29:38 ART 2021, domicilio=Domicilio{id=4, calle='62', numero='8656', localidad='Necochea', provincia='BsAs'}}
[2021-09-18 16:29:38] [ INFO ] [PacienteServiceTest:54] [Paciente{id=1, nombre='Jorge', apellido='Perez', dni='38874312', fechaIngreso=2021-09-18 16:29:38.433, domicilio=Domicilio{id=1, calle='2', numero='1556', localidad='Necochea', provincia='BsAs'}}, Paciente{id=3, nombre='Juan', apellido='Perez', dni='38874312', fechaIngreso=2021-09-18 16:29:38.527, domicilio=Domicilio{id=3, calle='32', numero='3556', localidad='Necochea', provincia='BsAs'}}, Paciente{id=4, nombre='Pablo', apellido='Gomez', dni='28874312', fechaIngreso=2021-09-18 16:29:38.529, domicilio=Domicilio{id=4, calle='62', numero='8656', localidad='Necochea', provincia='BsAs'}}]
[2021-09-20 11:43:58] [ INFO ] [PacienteServiceTest:47] Paciente{id=1, nombre='Jorge', apellido='Perez', dni='38874312', fechaIngreso=Mon Sep 20 11:43:58 ART 2021, domicilio=Domicilio{id=1, calle='2', numero='1556', localidad='Necochea', provincia='BsAs'}}
[2021-09-20 11:43:58] [ INFO ] [PacienteServiceTest:64] Creando paciente: Paciente{id=2, nombre='Marta', apellido='Smith', dni='48874312', fechaIngreso=Mon Sep 20 11:43:58 ART 2021, domicilio=Domicilio{id=2, calle='8', numero='246', localidad='Pinamar', provincia='BsAs'}}
[2021-09-20 11:43:58] [ INFO ] [PacienteServiceTest:67] Eliminando paciente con id: 2
[2021-09-20 11:43:58] [ INFO ] [PacienteServiceTest:37] Paciente{id=3, nombre='Juan', apellido='Perez', dni='38874312', fechaIngreso=Mon Sep 20 11:43:58 ART 2021, domicilio=Domicilio{id=3, calle='32', numero='3556', localidad='Necochea', provincia='BsAs'}}
[2021-09-20 11:43:58] [ INFO ] [PacienteServiceTest:38] Paciente{id=4, nombre='Pablo', apellido='Gomez', dni='28874312', fechaIngreso=Mon Sep 20 11:43:58 ART 2021, domicilio=Domicilio{id=4, calle='62', numero='8656', localidad='Necochea', provincia='BsAs'}}
[2021-09-20 11:43:58] [ INFO ] [PacienteServiceTest:54] [Paciente{id=1, nombre='Jorge', apellido='Perez', dni='38874312', fechaIngreso=2021-09-20 11:43:58.677, domicilio=Domicilio{id=1, calle='2', numero='1556', localidad='Necochea', provincia='BsAs'}}, Paciente{id=3, nombre='Juan', apellido='Perez', dni='38874312', fechaIngreso=2021-09-20 11:43:58.788, domicilio=Domicilio{id=3, calle='32', numero='3556', localidad='Necochea', provincia='BsAs'}}, Paciente{id=4, nombre='Pablo', apellido='Gomez', dni='28874312', fechaIngreso=2021-09-20 11:43:58.79, domicilio=Domicilio{id=4, calle='62', numero='8656', localidad='Necochea', provincia='BsAs'}}]
[2021-09-20 12:05:23] [ DEBUG] [PacienteController:68] Buscando todos los pacientes...
[2021-09-20 12:05:23] [ DEBUG] [OdontologoController:68] Buscando todos los odontologos...
[2021-09-20 12:05:28] [ DEBUG] [OdontologoController:25] Registrando odontologo...
[2021-09-20 12:05:28] [ DEBUG] [OdontologoController:68] Buscando todos los odontologos...
[2021-09-20 12:07:20] [ DEBUG] [OdontologoController:68] Buscando todos los odontologos...
[2021-09-20 12:07:20] [ DEBUG] [PacienteController:68] Buscando todos los pacientes...
[2021-09-20 12:07:25] [ DEBUG] [OdontologoController:25] Registrando odontologo...
[2021-09-20 12:07:25] [ DEBUG] [OdontologoController:68] Buscando todos los odontologos...
[2021-09-20 12:07:49] [ DEBUG] [OdontologoController:25] Registrando odontologo...
[2021-09-20 12:07:49] [ DEBUG] [OdontologoController:68] Buscando todos los odontologos...
[2021-09-20 12:09:49] [ DEBUG] [PacienteController:68] Buscando todos los pacientes...
[2021-09-20 12:09:49] [ DEBUG] [OdontologoController:68] Buscando todos los odontologos...
[2021-09-20 12:09:53] [ DEBUG] [OdontologoController:25] Registrando odontologo...
[2021-09-20 12:09:53] [ DEBUG] [OdontologoController:68] Buscando todos los odontologos...
[2021-09-20 12:10:06] [ DEBUG] [OdontologoController:68] Buscando todos los odontologos...
[2021-09-20 12:10:06] [ DEBUG] [PacienteController:68] Buscando todos los pacientes...
[2021-09-20 12:11:00] [ DEBUG] [OdontologoController:68] Buscando todos los odontologos...
[2021-09-20 12:11:00] [ DEBUG] [PacienteController:68] Buscando todos los pacientes...
[2021-09-20 12:11:04] [ DEBUG] [OdontologoController:25] Registrando odontologo...
[2021-09-20 12:11:04] [ DEBUG] [OdontologoController:68] Buscando todos los odontologos...
[2021-09-20 12:12:08] [ DEBUG] [OdontologoController:68] Buscando todos los odontologos...
[2021-09-20 12:12:08] [ DEBUG] [PacienteController:68] Buscando todos los pacientes...
[2021-09-20 12:12:12] [ DEBUG] [OdontologoController:25] Registrando odontologo...
[2021-09-20 12:12:12] [ DEBUG] [OdontologoController:68] Buscando todos los odontologos...
